<?xml version="1.0" encoding="UTF-8"?>
<testsuite name="ru.stqa.pft.sandbox.PrimeTests" tests="2" skipped="0" failures="0" errors="0" timestamp="2020-04-19T16:45:46" hostname="DESKTOP-8RJI708" time="8.617">
  <properties/>
  <testcase name="testPrime" classname="ru.stqa.pft.sandbox.PrimeTests" time="8.61"/>
  <testcase name="testPrimeFast" classname="ru.stqa.pft.sandbox.PrimeTests" time="0.001"/>
  <system-out><![CDATA[]]></system-out>
  <system-err><![CDATA[]]></system-err>
</testsuite>
